<?xml version="1.0" encoding="UTF-8"?>
<!-- Generated by org.testng.reporters.JUnitReportReporter -->
<testsuite hostname="Dev-5-PC" name="com.TestProject.qa.Testcases.LoginPageTest" tests="2" failures="0" timestamp="24 Apr 2019 21:55:29 GMT" time="20.078" errors="0">
  <testcase name="loginPageTest" time="10.097" classname="com.TestProject.qa.Testcases.LoginPageTest"/>
  <testcase name="getPageTitleTest" time="9.981" classname="com.TestProject.qa.Testcases.LoginPageTest"/>
</testsuite> <!-- com.TestProject.qa.Testcases.LoginPageTest -->
