<?xml version="1.0" encoding="UTF-8"?>
<!-- Generated by org.testng.reporters.JUnitReportReporter -->
<testsuite hostname="Dev-5-PC" name="com.TestProject.qa.Testcases.HomePageTest" tests="1" failures="0" timestamp="24 Apr 2019 21:55:29 GMT" time="11.497" errors="0">
  <testcase name="verifyLoggedInUserNameTest" time="11.497" classname="com.TestProject.qa.Testcases.HomePageTest"/>
</testsuite> <!-- com.TestProject.qa.Testcases.HomePageTest -->
