<?xml version="1.0" encoding="UTF-8"?>
<!-- Generated by org.testng.reporters.JUnitReportReporter -->
<testsuite skipped="0" hostname="Dev-5-PC" name="com.TestProject.qa.Testcases.LoginPageTest" tests="2" failures="0" timestamp="25 Apr 2019 18:44:41 GMT" time="22.974" errors="0">
  <testcase name="getPageTitleTest" time="10.405" classname="com.TestProject.qa.Testcases.LoginPageTest"/>
  <testcase name="loginPageTest" time="12.569" classname="com.TestProject.qa.Testcases.LoginPageTest"/>
</testsuite> <!-- com.TestProject.qa.Testcases.LoginPageTest -->
