<?xml version="1.0" encoding="UTF-8"?>
<!-- Generated by org.testng.reporters.JUnitReportReporter -->
<testsuite skipped="0" hostname="Dev-5-PC" name="com.TestProject.qa.Testcases.ContactPageTest" tests="3" failures="0" timestamp="25 Apr 2019 18:44:41 GMT" time="56.664" errors="0">
  <testcase name="createNewContactTest" time="20.549" classname="com.TestProject.qa.Testcases.ContactPageTest"/>
  <testcase name="createNewContactTest" time="18.073" classname="com.TestProject.qa.Testcases.ContactPageTest"/>
  <testcase name="createNewContactTest" time="18.042" classname="com.TestProject.qa.Testcases.ContactPageTest"/>
</testsuite> <!-- com.TestProject.qa.Testcases.ContactPageTest -->
