<?xml version="1.0" encoding="UTF-8"?>
<!-- Generated by org.testng.reporters.JUnitReportReporter -->
<testsuite skipped="0" hostname="Dev-5-PC" name="com.TestProject.qa.Testcases.LoginPageTest" tests="2" failures="0" timestamp="02 May 2019 18:20:03 GMT" time="22.611" errors="0">
  <testcase name="getPageTitleTest" time="11.230" classname="com.TestProject.qa.Testcases.LoginPageTest"/>
  <testcase name="loginPageTest" time="11.381" classname="com.TestProject.qa.Testcases.LoginPageTest"/>
</testsuite> <!-- com.TestProject.qa.Testcases.LoginPageTest -->
