<?xml version="1.0" encoding="UTF-8"?>
<!-- Generated by org.testng.reporters.JUnitReportReporter -->
<testsuite skipped="0" hostname="Dev-5-PC" name="com.TestProject.qa.Testcases.LoginPageTest" tests="2" failures="0" timestamp="29 Apr 2019 20:05:43 GMT" time="21.709" errors="0">
  <testcase name="getPageTitleTest" time="10.455" classname="com.TestProject.qa.Testcases.LoginPageTest"/>
  <testcase name="loginPageTest" time="11.254" classname="com.TestProject.qa.Testcases.LoginPageTest"/>
</testsuite> <!-- com.TestProject.qa.Testcases.LoginPageTest -->
