<?xml version="1.0" encoding="UTF-8"?>
<!-- Generated by org.testng.reporters.JUnitReportReporter -->
<testsuite skipped="0" hostname="Dev-5-PC" name="com.TestProject.qa.Testcases.HomePageTest" tests="1" failures="0" timestamp="25 Apr 2019 18:44:41 GMT" time="13.011" errors="0">
  <testcase name="verifyLoggedInUserNameTest" time="13.011" classname="com.TestProject.qa.Testcases.HomePageTest"/>
</testsuite> <!-- com.TestProject.qa.Testcases.HomePageTest -->
